# JRE version: Java(TM) SE Runtime Environment (21.0.2+13) (build 21.0.2+13-LTS-58)
# Java VM: Java HotSpot(TM) 64-Bit Server VM (21.0.2+13-LTS-58, mixed mode, sharing, tiered, compressed oops, compressed class ptrs, g1 gc, windows-amd64)
GC Precious Log:
 CardTable entry size: 512
 Card Set container configuration: InlinePtr #cards 5 size 8 Array Of Cards #cards 12 size 40 Howl #buckets 4 coarsen threshold 1843 Howl Bitmap #cards 512 size 80 coarsen threshold 460 Card regions per heap region 1 cards per card region 2048
 CPUs: 8 total, 8 available
 Memory: 16221M
 Large Page Support: Disabled
 NUMA Support: Disabled
 Compressed Oops: Enabled (32-bit)
 Heap Region Size: 1M
 Heap Min Capacity: 256M
 Heap Initial Capacity: 256M
 Heap Max Capacity: 512M
 Pre-touch: Disabled
 Parallel Workers: 8
 Concurrent Workers: 2
 Concurrent Refinement Workers: 8
 Periodic GC: Disabled
Heap:
 garbage-first heap   total 262144K, used 94440K [0x00000000e0000000, 0x0000000100000000)
  region size 1024K, 64 young (65536K), 9 survivors (9216K)
 Metaspace       used 42709K, committed 44160K, reserved 393216K
  class space    used 6041K, committed 6784K, reserved 327680K
GC Heap History (14 events):
Event: 3.589 GC heap before
{Heap before GC invocations=0 (full 0):
 garbage-first heap   total 262144K, used 27648K [0x00000000e0000000, 0x0000000100000000)
  region size 1024K, 23 young (23552K), 0 survivors (0K)
 Metaspace       used 2470K, committed 2688K, reserved 393216K
  class space    used 280K, committed 384K, reserved 327680K
}
Event: 3.628 GC heap after
{Heap after GC invocations=1 (full 0):
 garbage-first heap   total 262144K, used 10666K [0x00000000e0000000, 0x0000000100000000)
  region size 1024K, 3 young (3072K), 3 survivors (3072K)
 Metaspace       used 2470K, committed 2688K, reserved 393216K
  class space    used 280K, committed 384K, reserved 327680K
}
Event: 4.391 GC heap before
{Heap before GC invocations=1 (full 0):
 garbage-first heap   total 262144K, used 39338K [0x00000000e0000000, 0x0000000100000000)
  region size 1024K, 32 young (32768K), 3 survivors (3072K)
 Metaspace       used 4184K, committed 4416K, reserved 393216K
  class space    used 519K, committed 640K, reserved 327680K
}
Event: 4.394 GC heap after
{Heap after GC invocations=2 (full 0):
 garbage-first heap   total 262144K, used 12042K [0x00000000e0000000, 0x0000000100000000)
  region size 1024K, 2 young (2048K), 2 survivors (2048K)
 Metaspace       used 4184K, committed 4416K, reserved 393216K
  class space    used 519K, committed 640K, reserved 327680K
}
Event: 6.419 GC heap before
{Heap before GC invocations=2 (full 0):
 garbage-first heap   total 262144K, used 120586K [0x00000000e0000000, 0x0000000100000000)
  region size 1024K, 106 young (108544K), 2 survivors (2048K)
 Metaspace       used 19910K, committed 20480K, reserved 393216K
  class space    used 2875K, committed 3136K, reserved 327680K
}
Event: 6.428 GC heap after
{Heap after GC invocations=3 (full 0):
 garbage-first heap   total 262144K, used 23569K [0x00000000e0000000, 0x0000000100000000)
  region size 1024K, 12 young (12288K), 12 survivors (12288K)
 Metaspace       used 19910K, committed 20480K, reserved 393216K
  class space    used 2875K, committed 3136K, reserved 327680K
}
Event: 6.545 GC heap before
{Heap before GC invocations=3 (full 0):
 garbage-first heap   total 262144K, used 32785K [0x00000000e0000000, 0x0000000100000000)
  region size 1024K, 22 young (22528K), 12 survivors (12288K)
 Metaspace       used 20869K, committed 21504K, reserved 393216K
  class space    used 3036K, committed 3328K, reserved 327680K
}
Event: 6.550 GC heap after
{Heap after GC invocations=4 (full 0):
 garbage-first heap   total 262144K, used 24752K [0x00000000e0000000, 0x0000000100000000)
  region size 1024K, 12 young (12288K), 12 survivors (12288K)
 Metaspace       used 20869K, committed 21504K, reserved 393216K
  class space    used 3036K, committed 3328K, reserved 327680K
}
Event: 7.834 GC heap before
{Heap before GC invocations=5 (full 0):
 garbage-first heap   total 262144K, used 113840K [0x00000000e0000000, 0x0000000100000000)
  region size 1024K, 101 young (103424K), 12 survivors (12288K)
 Metaspace       used 35004K, committed 36160K, reserved 393216K
  class space    used 5075K, committed 5632K, reserved 327680K
}
Event: 7.843 GC heap after
{Heap after GC invocations=6 (full 0):
 garbage-first heap   total 262144K, used 31969K [0x00000000e0000000, 0x0000000100000000)
  region size 1024K, 9 young (9216K), 9 survivors (9216K)
 Metaspace       used 35004K, committed 36160K, reserved 393216K
  class space    used 5075K, committed 5632K, reserved 327680K
}
Event: 7.886 GC heap before
{Heap before GC invocations=6 (full 0):
 garbage-first heap   total 262144K, used 34017K [0x00000000e0000000, 0x0000000100000000)
  region size 1024K, 12 young (12288K), 9 survivors (9216K)
 Metaspace       used 35265K, committed 36480K, reserved 393216K
  class space    used 5096K, committed 5696K, reserved 327680K
}
Event: 7.894 GC heap after
{Heap after GC invocations=7 (full 0):
 garbage-first heap   total 262144K, used 31761K [0x00000000e0000000, 0x0000000100000000)
  region size 1024K, 8 young (8192K), 8 survivors (8192K)
 Metaspace       used 35265K, committed 36480K, reserved 393216K
  class space    used 5096K, committed 5696K, reserved 327680K
}
Event: 8.050 GC heap before
{Heap before GC invocations=7 (full 0):
 garbage-first heap   total 262144K, used 53265K [0x00000000e0000000, 0x0000000100000000)
  region size 1024K, 30 young (30720K), 8 survivors (8192K)
 Metaspace       used 35585K, committed 36800K, reserved 393216K
  class space    used 5128K, committed 5760K, reserved 327680K
}
Event: 8.055 GC heap after
{Heap after GC invocations=8 (full 0):
 garbage-first heap   total 262144K, used 33000K [0x00000000e0000000, 0x0000000100000000)
  region size 1024K, 9 young (9216K), 9 survivors (9216K)
 Metaspace       used 35585K, committed 36800K, reserved 393216K
  class space    used 5128K, committed 5760K, reserved 327680K
}

